
  .   ____          _            __ _ _
 /\\ / ___'_ __ _ _(_)_ __  __ _ \ \ \ \
( ( )\___ | '_ | '_| | '_ \/ _` | \ \ \ \
 \\/  ___)| |_)| | | | | || (_| |  ) ) ) )
  '  |____| .__|_| |_|_| |_\__, | / / / /
 =========|_|==============|___/=/_/_/_/
 :: Spring Boot ::        (v2.3.1.RELEASE)

2020-08-13 20:01:02.199  INFO 8824 --- [           main] x.s.springboot.SpringBootApplication     : Starting SpringBootApplication on MacBookPro.local with PID 8824 (/Users/17hao/JetBrains/springboot/build/libs/springboot.jar started by 17hao in /Users/17hao/JetBrains/springboot)
2020-08-13 20:01:02.202  INFO 8824 --- [           main] x.s.springboot.SpringBootApplication     : No active profile set, falling back to default profiles: default
2020-08-13 20:01:03.295  INFO 8824 --- [           main] o.s.b.w.embedded.tomcat.TomcatWebServer  : Tomcat initialized with port(s): 9999 (http)
2020-08-13 20:01:03.311  INFO 8824 --- [           main] o.apache.catalina.core.StandardService   : Starting service [Tomcat]
2020-08-13 20:01:03.312  INFO 8824 --- [           main] org.apache.catalina.core.StandardEngine  : Starting Servlet engine: [Apache Tomcat/9.0.36]
2020-08-13 20:01:03.406  INFO 8824 --- [           main] o.a.c.c.C.[Tomcat].[localhost].[/]       : Initializing Spring embedded WebApplicationContext
2020-08-13 20:01:03.406  INFO 8824 --- [           main] w.s.c.ServletWebServerApplicationContext : Root WebApplicationContext: initialization completed in 1134 ms
2020-08-13 20:01:03.594  INFO 8824 --- [           main] o.s.s.concurrent.ThreadPoolTaskExecutor  : Initializing ExecutorService 'applicationTaskExecutor'
2020-08-13 20:01:03.773  INFO 8824 --- [           main] o.s.b.w.embedded.tomcat.TomcatWebServer  : Tomcat started on port(s): 9999 (http) with context path ''
2020-08-13 20:01:03.786  INFO 8824 --- [           main] x.s.springboot.SpringBootApplication     : Started SpringBootApplication in 2.326 seconds (JVM running for 3.013)

  .   ____          _            __ _ _
 /\\ / ___'_ __ _ _(_)_ __  __ _ \ \ \ \
( ( )\___ | '_ | '_| | '_ \/ _` | \ \ \ \
 \\/  ___)| |_)| | | | | || (_| |  ) ) ) )
  '  |____| .__|_| |_|_| |_\__, | / / / /
 =========|_|==============|___/=/_/_/_/
 :: Spring Boot ::        (v2.3.1.RELEASE)

2020-08-13 20:01:21.987  INFO 8870 --- [           main] x.s.springboot.SpringBootApplication     : Starting SpringBootApplication on MacBookPro.local with PID 8870 (/Users/17hao/JetBrains/springboot/build/libs/springboot.jar started by 17hao in /Users/17hao/JetBrains/springboot)
2020-08-13 20:01:21.991  INFO 8870 --- [           main] x.s.springboot.SpringBootApplication     : No active profile set, falling back to default profiles: default
2020-08-13 20:01:22.975  INFO 8870 --- [           main] o.s.b.w.embedded.tomcat.TomcatWebServer  : Tomcat initialized with port(s): 9999 (http)
2020-08-13 20:01:22.990  INFO 8870 --- [           main] o.apache.catalina.core.StandardService   : Starting service [Tomcat]
2020-08-13 20:01:22.990  INFO 8870 --- [           main] org.apache.catalina.core.StandardEngine  : Starting Servlet engine: [Apache Tomcat/9.0.36]
2020-08-13 20:01:23.064  INFO 8870 --- [           main] o.a.c.c.C.[Tomcat].[localhost].[/]       : Initializing Spring embedded WebApplicationContext
2020-08-13 20:01:23.065  INFO 8870 --- [           main] w.s.c.ServletWebServerApplicationContext : Root WebApplicationContext: initialization completed in 1020 ms
2020-08-13 20:01:23.257  INFO 8870 --- [           main] o.s.s.concurrent.ThreadPoolTaskExecutor  : Initializing ExecutorService 'applicationTaskExecutor'
2020-08-13 20:01:23.413  WARN 8870 --- [           main] ConfigServletWebServerApplicationContext : Exception encountered during context initialization - cancelling refresh attempt: org.springframework.context.ApplicationContextException: Failed to start bean 'webServerStartStop'; nested exception is org.springframework.boot.web.server.PortInUseException: Port 9999 is already in use
2020-08-13 20:01:23.414  INFO 8870 --- [           main] o.s.s.concurrent.ThreadPoolTaskExecutor  : Shutting down ExecutorService 'applicationTaskExecutor'
2020-08-13 20:01:23.417  INFO 8870 --- [           main] o.apache.catalina.core.StandardService   : Stopping service [Tomcat]
2020-08-13 20:01:23.431  INFO 8870 --- [           main] ConditionEvaluationReportLoggingListener : 

Error starting ApplicationContext. To display the conditions report re-run your application with 'debug' enabled.
2020-08-13 20:01:23.432 ERROR 8870 --- [           main] o.s.b.d.LoggingFailureAnalysisReporter   : 

***************************
APPLICATION FAILED TO START
***************************

Description:

Web server failed to start. Port 9999 was already in use.

Action:

Identify and stop the process that's listening on port 9999 or configure this application to listen on another port.


  .   ____          _            __ _ _
 /\\ / ___'_ __ _ _(_)_ __  __ _ \ \ \ \
( ( )\___ | '_ | '_| | '_ \/ _` | \ \ \ \
 \\/  ___)| |_)| | | | | || (_| |  ) ) ) )
  '  |____| .__|_| |_|_| |_\__, | / / / /
 =========|_|==============|___/=/_/_/_/
 :: Spring Boot ::        (v2.3.1.RELEASE)

2020-08-13 20:02:07.896  INFO 8973 --- [           main] x.s.springboot.SpringBootApplication     : Starting SpringBootApplication on MacBookPro.local with PID 8973 (/Users/17hao/JetBrains/springboot/build/libs/springboot.jar started by 17hao in /Users/17hao/JetBrains/springboot)
2020-08-13 20:02:07.899  INFO 8973 --- [           main] x.s.springboot.SpringBootApplication     : No active profile set, falling back to default profiles: default
2020-08-13 20:02:08.844  INFO 8973 --- [           main] o.s.b.w.embedded.tomcat.TomcatWebServer  : Tomcat initialized with port(s): 9999 (http)
2020-08-13 20:02:08.858  INFO 8973 --- [           main] o.apache.catalina.core.StandardService   : Starting service [Tomcat]
2020-08-13 20:02:08.859  INFO 8973 --- [           main] org.apache.catalina.core.StandardEngine  : Starting Servlet engine: [Apache Tomcat/9.0.36]
2020-08-13 20:02:08.938  INFO 8973 --- [           main] o.a.c.c.C.[Tomcat].[localhost].[/]       : Initializing Spring embedded WebApplicationContext
2020-08-13 20:02:08.938  INFO 8973 --- [           main] w.s.c.ServletWebServerApplicationContext : Root WebApplicationContext: initialization completed in 988 ms
2020-08-13 20:02:09.117  INFO 8973 --- [           main] o.s.s.concurrent.ThreadPoolTaskExecutor  : Initializing ExecutorService 'applicationTaskExecutor'
2020-08-13 20:02:09.263  WARN 8973 --- [           main] ConfigServletWebServerApplicationContext : Exception encountered during context initialization - cancelling refresh attempt: org.springframework.context.ApplicationContextException: Failed to start bean 'webServerStartStop'; nested exception is org.springframework.boot.web.server.PortInUseException: Port 9999 is already in use
2020-08-13 20:02:09.263  INFO 8973 --- [           main] o.s.s.concurrent.ThreadPoolTaskExecutor  : Shutting down ExecutorService 'applicationTaskExecutor'
2020-08-13 20:02:09.266  INFO 8973 --- [           main] o.apache.catalina.core.StandardService   : Stopping service [Tomcat]
2020-08-13 20:02:09.280  INFO 8973 --- [           main] ConditionEvaluationReportLoggingListener : 

Error starting ApplicationContext. To display the conditions report re-run your application with 'debug' enabled.
2020-08-13 20:02:09.281 ERROR 8973 --- [           main] o.s.b.d.LoggingFailureAnalysisReporter   : 

***************************
APPLICATION FAILED TO START
***************************

Description:

Web server failed to start. Port 9999 was already in use.

Action:

Identify and stop the process that's listening on port 9999 or configure this application to listen on another port.

